\BOOKMARK [0][-]{chapter.1}{\376\377\000I\000n\000t\000r\000o\000d\000u\000z\000i\000o\000n\000e\000\040\000m\000a\000t\000e\000m\000a\000t\000i\000c\000a}{}% 1
\BOOKMARK [1][-]{section.1.1}{\376\377\000F\000l\000u\000s\000s\000o\000\040\000d\000i\000\040\000u\000n\000\040\000c\000a\000m\000p\000o\000\040\000a\000t\000t\000r\000a\000v\000e\000r\000s\000o\000\040\000u\000n\000a\000\040\000s\000u\000p\000e\000r\000f\000i\000c\000i\000e}{chapter.1}% 2
\BOOKMARK [1][-]{section.1.2}{\376\377\000D\000i\000v\000e\000r\000g\000e\000n\000z\000a}{chapter.1}% 3
\BOOKMARK [1][-]{section.1.3}{\376\377\000G\000r\000a\000d\000i\000e\000n\000t\000e\000,\000\040\000l\000a\000v\000o\000r\000o\000\040\000e\000\040\000c\000a\000m\000p\000i\000\040\000c\000o\000n\000s\000e\000r\000v\000a\000t\000i\000v\000i}{chapter.1}% 4
\BOOKMARK [1][-]{section.1.4}{\376\377\000R\000o\000t\000o\000r\000e}{chapter.1}% 5
\BOOKMARK [0][-]{chapter.2}{\376\377\000I\000n\000t\000r\000o\000d\000u\000z\000i\000o\000n\000e\000\040\000a\000l\000l\000'\000e\000l\000e\000t\000t\000r\000o\000s\000t\000a\000t\000i\000c\000a}{}% 6
\BOOKMARK [1][-]{section.2.1}{\376\377\000L\000e\000g\000g\000e\000\040\000d\000i\000\040\000C\000o\000u\000l\000o\000m\000b}{chapter.2}% 7
\BOOKMARK [2][-]{subsection.2.1.1}{\376\377\000P\000r\000i\000n\000c\000i\000p\000i\000o\000\040\000d\000i\000\040\000s\000o\000v\000r\000a\000p\000p\000o\000s\000i\000z\000i\000o\000n\000e}{section.2.1}% 8
\BOOKMARK [1][-]{section.2.2}{\376\377\000I\000l\000\040\000c\000a\000m\000p\000o\000\040\000e\000l\000e\000t\000t\000r\000i\000c\000o}{chapter.2}% 9
\BOOKMARK [2][-]{subsection.2.2.1}{\376\377\000D\000i\000s\000t\000r\000i\000b\000u\000z\000i\000o\000n\000i\000\040\000c\000o\000n\000t\000i\000n\000u\000e\000\040\000d\000i\000\040\000c\000a\000r\000i\000c\000h\000e}{section.2.2}% 10
\BOOKMARK [1][-]{section.2.3}{\376\377\000E\000s\000e\000m\000p\000i}{chapter.2}% 11
\BOOKMARK [1][-]{section.2.4}{\376\377\000T\000e\000o\000r\000e\000m\000a\000\040\000d\000i\000\040\000H\000e\000l\000m\000o\000t\000z}{chapter.2}% 12
\BOOKMARK [0][-]{chapter.3}{\376\377\000L\000e\000g\000g\000e\000\040\000d\000i\000\040\000G\000a\000u\000s\000s}{}% 13
\BOOKMARK [1][-]{section.3.1}{\376\377\000L\000i\000n\000e\000e\000\040\000d\000i\000\040\000f\000o\000r\000z\000a\000\040\000d\000e\000l\000\040\000c\000a\000m\000p\000o\000\040\000e\000l\000e\000t\000t\000r\000i\000c\000o}{chapter.3}% 14
\BOOKMARK [1][-]{section.3.2}{\376\377\000L\000e\000g\000g\000e\000\040\000d\000i\000\040\000G\000a\000u\000s\000s}{chapter.3}% 15
\BOOKMARK [2][-]{subsection.3.2.1}{\376\377\000F\000o\000r\000m\000u\000l\000a\000z\000i\000o\000n\000e\000\040\000i\000n\000f\000i\000n\000i\000t\000e\000s\000i\000m\000a\000l\000e\000\040\000e\000\040\000I\000\040\000l\000e\000g\000g\000e\000\040\000d\000i\000\040\000M\000a\000x\000w\000e\000l\000l}{section.3.2}% 16
\BOOKMARK [1][-]{section.3.3}{\376\377\000E\000s\000e\000m\000p\000i}{chapter.3}% 17
\BOOKMARK [0][-]{chapter.4}{\376\377\000I\000l\000\040\000p\000o\000t\000e\000n\000z\000i\000a\000l\000e\000\040\000e\000l\000e\000t\000t\000r\000i\000c\000o}{}% 18
\BOOKMARK [1][-]{section.4.1}{\376\377\000I\000l\000\040\000r\000o\000t\000o\000r\000e\000\040\000d\000i\000\040}{chapter.4}% 19
\BOOKMARK [1][-]{section.4.2}{\376\377\000I\000n\000t\000r\000o\000d\000u\000z\000i\000o\000n\000e\000\040\000a\000l\000\040\000p\000o\000t\000e\000n\000z\000i\000a\000l\000e}{chapter.4}% 20
\BOOKMARK [1][-]{section.4.3}{\376\377\000P\000o\000t\000e\000n\000z\000i\000a\000l\000e\000\040\000d\000e\000l\000l\000a\000\040\000c\000a\000r\000i\000c\000a\000\040\000p\000u\000n\000t\000i\000f\000o\000r\000m\000e}{chapter.4}% 21
\BOOKMARK [1][-]{section.4.4}{\376\377\000P\000o\000t\000e\000n\000z\000i\000a\000l\000e\000\040\000d\000i\000\040\000u\000n\000a\000\040\000d\000i\000s\000t\000r\000i\000b\000u\000z\000i\000o\000n\000e\000\040\000v\000o\000l\000u\000m\000e\000t\000r\000i\000c\000a\000\040\000d\000i\000\040\000c\000a\000r\000i\000c\000a}{chapter.4}% 22
\BOOKMARK [1][-]{section.4.5}{\376\377\000E\000s\000e\000m\000p\000i}{chapter.4}% 23
\BOOKMARK [1][-]{section.4.6}{\376\377\000E\000q\000u\000a\000z\000i\000o\000n\000e\000\040\000d\000i\000\040\000P\000o\000i\000s\000s\000o\000n}{chapter.4}% 24
\BOOKMARK [1][-]{section.4.7}{\376\377\000C\000o\000n\000d\000i\000z\000i\000o\000n\000i\000\040\000a\000l\000\040\000c\000o\000n\000t\000o\000r\000n\000o\000\040\000/\000\040\000B\000o\000u\000n\000d\000a\000r\000y\000\040\000c\000o\000n\000d\000i\000t\000i\000o\000n\000s}{chapter.4}% 25
\BOOKMARK [0][-]{chapter.5}{\376\377\000L\000a\000v\000o\000r\000o\000\040\000e\000d\000\040\000e\000n\000e\000r\000g\000i\000a\000\040\000e\000l\000e\000t\000t\000r\000o\000s\000t\000a\000t\000i\000c\000a}{}% 26
\BOOKMARK [1][-]{section.5.1}{\376\377\000E\000n\000e\000r\000g\000i\000a\000\040\000d\000i\000\040\000u\000n\000\040\000s\000i\000s\000t\000e\000m\000a\000\040\000d\000i\000s\000c\000r\000e\000t\000o\000\040\000d\000i\000\040\000c\000a\000r\000i\000c\000h\000e}{chapter.5}% 27
\BOOKMARK [1][-]{section.5.2}{\376\377\000E\000n\000e\000r\000g\000i\000a\000\040\000d\000i\000\040\000u\000n\000\040\000s\000i\000s\000t\000e\000m\000a\000\040\000c\000o\000n\000\040\000d\000i\000s\000t\000r\000i\000b\000u\000z\000i\000o\000n\000e\000\040\000c\000o\000n\000t\000i\000n\000u\000a\000\040\000d\000i\000\040\000c\000a\000r\000i\000c\000a}{chapter.5}% 28
\BOOKMARK [1][-]{section.5.3}{\376\377\000E\000s\000e\000m\000p\000i}{chapter.5}% 29
\BOOKMARK [0][-]{chapter.6}{\376\377\000M\000a\000t\000e\000r\000i\000a\000l\000i\000\040\000c\000o\000n\000d\000u\000t\000t\000o\000r\000i\000\040\000e\000\040\000i\000s\000o\000l\000a\000n\000t\000i}{}% 30
\BOOKMARK [1][-]{section.6.1}{\376\377\000C\000a\000m\000p\000o\000\040\000e\000l\000e\000t\000t\000r\000i\000c\000o\000\040\000i\000n\000\040\000u\000n\000\040\000m\000a\000t\000e\000r\000i\000a\000l\000e\000\040\000c\000o\000n\000d\000u\000t\000t\000o\000r\000e}{chapter.6}% 31
\BOOKMARK [1][-]{section.6.2}{\376\377\000C\000a\000p\000a\000c\000i\000t\000\340\000\040\000e\000\040\000c\000o\000n\000d\000e\000n\000s\000a\000t\000o\000r\000i}{chapter.6}% 32
\BOOKMARK [2][-]{subsection.6.2.1}{\376\377\000C\000o\000n\000d\000e\000n\000s\000a\000t\000o\000r\000e\000\040\000a\000l\000l\000'\000i\000n\000f\000i\000n\000i\000t\000o}{section.6.2}% 33
\BOOKMARK [1][-]{section.6.3}{\376\377\000E\000n\000e\000r\000g\000i\000a\000\040\000i\000m\000m\000a\000g\000a\000z\000z\000i\000n\000a\000t\000a\000\040\000i\000n\000\040\000u\000n\000\040\000c\000o\000n\000d\000e\000n\000s\000a\000t\000o\000r\000e}{chapter.6}% 34
\BOOKMARK [2][-]{subsection.6.3.1}{\376\377\000C\000o\000n\000d\000e\000n\000s\000a\000t\000o\000r\000e\000\040\000p\000i\000a\000n\000o}{section.6.3}% 35
\BOOKMARK [2][-]{subsection.6.3.2}{\376\377\000C\000o\000n\000d\000e\000n\000s\000a\000t\000o\000r\000e\000\040\000s\000f\000e\000r\000i\000c\000o}{section.6.3}% 36
\BOOKMARK [2][-]{subsection.6.3.3}{\376\377\000C\000o\000n\000d\000e\000n\000s\000a\000t\000o\000r\000e\000\040\000c\000i\000l\000i\000n\000d\000r\000i\000c\000o}{section.6.3}% 37
\BOOKMARK [1][-]{section.6.4}{\376\377\000P\000o\000t\000e\000n\000z\000i\000a\000l\000e\000\040\000e\000\040\000c\000a\000m\000p\000o\000\040\000e\000l\000e\000t\000t\000r\000i\000c\000o\000\040\000d\000i\000\040\000d\000i\000p\000o\000l\000o}{chapter.6}% 38
\BOOKMARK [1][-]{section.6.5}{\376\377\000M\000o\000m\000e\000n\000t\000o\000\040\000d\000i\000\040\000d\000i\000p\000o\000l\000o\000\040\000d\000i\000\040\000u\000n\000\040\000s\000i\000s\000t\000e\000m\000a}{chapter.6}% 39
\BOOKMARK [1][-]{section.6.6}{\376\377\000I\000n\000t\000e\000r\000a\000z\000i\000o\000n\000i\000\040\000d\000i\000\040\000d\000i\000p\000o\000l\000o\000\040\000i\000n\000\040\000u\000n\000\040\000c\000a\000m\000p\000o\000\040\000e\000l\000e\000t\000t\000r\000i\000c\000o\000\040\000d\000i\000\040\000s\000t\000i\000m\000o\000l\000o}{chapter.6}% 40
\BOOKMARK [1][-]{section.6.7}{\376\377\000F\000o\000r\000z\000a\000\040\000e\000d\000\040\000e\000n\000e\000r\000g\000i\000a\000\040\000e\000l\000e\000t\000t\000r\000o\000s\000t\000a\000t\000i\000c\000a}{chapter.6}% 41
\BOOKMARK [2][-]{subsection.6.7.1}{\376\377\000I\000n\000t\000e\000r\000a\000z\000i\000o\000n\000e\000\040\000d\000i\000p\000o\000l\000o\000-\000c\000a\000r\000i\000c\000a}{section.6.7}% 42
\BOOKMARK [2][-]{subsection.6.7.2}{\376\377\000I\000n\000t\000e\000r\000a\000z\000i\000o\000n\000i\000\040\000t\000r\000a\000\040\000d\000u\000e\000\040\000d\000i\000p\000o\000l\000i}{section.6.7}% 43
\BOOKMARK [0][-]{chapter.7}{\376\377\000C\000o\000r\000r\000e\000n\000t\000i\000\040\000e\000l\000e\000t\000t\000r\000i\000c\000h\000e\000\040\000e\000\040\000c\000a\000m\000p\000o\000\040\000d\000i\000\040\000p\000o\000l\000a\000r\000i\000z\000z\000a\000z\000i\000o\000n\000e}{}% 44
\BOOKMARK [1][-]{section.7.1}{\376\377\000L\000a\000\040\000d\000e\000n\000s\000i\000t\000\340\000\040\000d\000i\000\040\000c\000o\000r\000r\000e\000n\000t\000e\000\040\000e\000l\000e\000t\000t\000r\000i\000c\000a}{chapter.7}% 45
\BOOKMARK [1][-]{section.7.2}{\376\377\000L\000a\000\040\000c\000o\000r\000r\000e\000n\000t\000e}{chapter.7}% 46
\BOOKMARK [1][-]{section.7.3}{\376\377\000L\000e\000g\000g\000e\000\040\000d\000i\000\040\000c\000o\000n\000s\000e\000r\000v\000a\000z\000i\000o\000n\000e\000\040\000d\000e\000l\000l\000a\000\040\000c\000a\000r\000i\000c\000a}{chapter.7}% 47
\BOOKMARK [2][-]{subsection.7.3.1}{\376\377\000M\000o\000d\000e\000l\000l\000i\000z\000i\000a\000m\000o\000\040\000l\000'\000a\000t\000o\000m\000o}{section.7.3}% 48
\BOOKMARK [1][-]{section.7.4}{\376\377\000C\000a\000r\000i\000c\000a\000\040\000e\000l\000e\000t\000t\000r\000i\000c\000a\000\040\000l\000e\000g\000a\000t\000a\000\040\000e\000\040\000l\000i\000b\000e\000r\000a}{chapter.7}% 49
\BOOKMARK [1][-]{section.7.5}{\376\377\000C\000a\000m\000p\000o\000\040\000d\000i\000\040\000p\000o\000l\000a\000r\000i\000z\000z\000a\000z\000i\000o\000n\000e}{chapter.7}% 50
\BOOKMARK [1][-]{section.7.6}{\376\377\000D\000e\000n\000s\000i\000t\000\340\000\040\000d\000i\000\040\000c\000a\000r\000i\000c\000a\000\040\000s\000u\000p\000e\000r\000f\000i\000c\000i\000a\000l\000e\000\040\000n\000e\000i\000\040\000m\000a\000t\000e\000r\000i\000a\000l\000i}{chapter.7}% 51
\BOOKMARK [1][-]{section.7.7}{\376\377\000L\000a\000\040\000p\000i\000l\000a\000\040\000d\000i\000\040\000v\000o\000l\000t\000a}{chapter.7}% 52
\BOOKMARK [1][-]{section.7.8}{\376\377\000P\000o\000t\000e\000n\000z\000a\000\040\000e\000l\000e\000t\000t\000r\000i\000c\000a}{chapter.7}% 53
\BOOKMARK [1][-]{section.7.9}{\376\377\000L\000e\000g\000g\000i\000\040\000d\000i\000\040\000O\000h\000m}{chapter.7}% 54
\BOOKMARK [2][-]{subsection.7.9.1}{\376\377\000L\000e\000g\000g\000e\000\040\000d\000i\000\040\000O\000h\000m\000\040\000l\000o\000c\000a\000l\000e}{section.7.9}% 55
\BOOKMARK [2][-]{subsection.7.9.2}{\376\377\000L\000e\000g\000g\000e\000\040\000d\000i\000\040\000O\000h\000m\000\040\000\050\000m\000a\000c\000r\000o\000s\000c\000o\000p\000i\000c\000a\000\051}{section.7.9}% 56
\BOOKMARK [0][-]{chapter.8}{\376\377\000C\000a\000m\000p\000i\000\040\000e\000l\000e\000t\000t\000r\000i\000c\000i\000\040\000n\000e\000i\000\040\000m\000a\000t\000e\000r\000i\000a\000l\000i}{}% 57
\BOOKMARK [1][-]{section.8.1}{\376\377\000G\000a\000b\000b\000i\000a\000\040\000d\000i\000\040\000F\000a\000r\000a\000d\000a\000y}{chapter.8}% 58
\BOOKMARK [1][-]{section.8.2}{\376\377\000C\000o\000n\000d\000e\000n\000s\000a\000t\000o\000r\000i\000\040\000i\000n\000\040\000s\000e\000r\000i\000e\000\040\000e\000\040\000p\000a\000r\000a\000l\000l\000e\000l\000o}{chapter.8}% 59
\BOOKMARK [2][-]{subsection.8.2.1}{\376\377\000I\000n\000\040\000s\000e\000r\000i\000e}{section.8.2}% 60
\BOOKMARK [2][-]{subsection.8.2.2}{\376\377\000I\000n\000\040\000p\000a\000r\000a\000l\000l\000e\000l\000o}{section.8.2}% 61
\BOOKMARK [1][-]{section.8.3}{\376\377\000C\000a\000m\000p\000o\000\040\000d\000i\000\040\000s\000p\000o\000s\000t\000a\000m\000e\000n\000t\000o\000\040\000d\000i\000e\000l\000e\000t\000t\000r\000i\000c\000o}{chapter.8}% 62
\BOOKMARK [1][-]{section.8.4}{\376\377\000R\000e\000l\000a\000z\000i\000o\000n\000e\000\040\000c\000o\000s\000t\000i\000t\000u\000t\000i\000v\000a\000\040\000i\000n\000t\000e\000r\000n\000a}{chapter.8}% 63
\BOOKMARK [1][-]{section.8.5}{\376\377\000C\000o\000n\000d\000e\000n\000s\000a\000t\000o\000r\000i\000\040\000r\000e\000a\000l\000i}{chapter.8}% 64
\BOOKMARK [2][-]{subsection.8.5.1}{\376\377\000C\000o\000n\000d\000e\000n\000s\000a\000t\000o\000r\000e\000\040\000p\000i\000a\000n\000o\000\040\000c\000o\000n\000\040\000d\000i\000e\000l\000e\000t\000t\000r\000i\000c\000o}{section.8.5}% 65
\BOOKMARK [2][-]{subsection.8.5.2}{\376\377\000C\000o\000n\000s\000i\000d\000e\000r\000a\000z\000i\000o\000n\000i}{section.8.5}% 66
\BOOKMARK [2][-]{subsection.8.5.3}{\376\377\000C\000o\000n\000d\000e\000n\000s\000a\000t\000o\000r\000e\000\040\000p\000i\000a\000n\000o\000\040\000c\000o\000n\000\040\000c\000o\000n\000d\000u\000t\000t\000o\000r\000e}{section.8.5}% 67
\BOOKMARK [1][-]{section.8.6}{\376\377\000E\000s\000e\000m\000p\000i}{chapter.8}% 68
\BOOKMARK [1][-]{section.8.7}{\376\377\000I\000n\000t\000e\000r\000f\000a\000c\000c\000i\000a\000\040\000v\000u\000o\000t\000o\000\040\040\023\000\040\000d\000i\000e\000l\000e\000t\000t\000r\000i\000c\000o}{chapter.8}% 69
\BOOKMARK [1][-]{section.8.8}{\376\377\000P\000r\000o\000b\000l\000e\000m\000a\000\040\000d\000i\000\040\000D\000i\000r\000i\000c\000h\000l\000e\000t}{chapter.8}% 70
\BOOKMARK [0][-]{chapter.9}{\376\377\000I\000n\000t\000e\000r\000a\000z\000i\000o\000n\000i\000\040\000e\000\040\000c\000a\000m\000p\000i\000\040\000d\000i\000\040\000r\000i\000s\000p\000o\000s\000t\000a}{}% 71
\BOOKMARK [1][-]{section.9.1}{\376\377\000I\000n\000t\000e\000r\000a\000z\000i\000o\000n\000e\000\040\000c\000a\000r\000i\000c\000a\040\023\000c\000a\000r\000i\000c\000a\000\040\000i\000n\000d\000o\000t\000t\000a}{chapter.9}% 72
\BOOKMARK [2][-]{subsection.9.1.1}{\376\377\000C\000a\000s\000o\000\040\000l\000i\000m\000i\000t\000e\000\040\000r\000r\0000}{section.9.1}% 73
\BOOKMARK [2][-]{subsection.9.1.2}{\376\377\000A\000p\000p\000l\000i\000c\000a\000z\000i\000o\000n\000e\000:\000\040\000e\000s\000t\000r\000a\000z\000i\000o\000n\000e\000\040\000d\000i\000\040\000u\000n\000\040\000e\000l\000e\000t\000t\000r\000o\000n\000e\000\040\000d\000a\000\040\000u\000n\000\040\000m\000e\000t\000a\000l\000l\000o}{section.9.1}% 74
\BOOKMARK [1][-]{section.9.2}{\376\377\000C\000a\000r\000i\000c\000a\000\040\000s\000u\000p\000e\000r\000f\000i\000c\000i\000a\000l\000e\000\040\000i\000n\000d\000o\000t\000t\000a\000\040\040\024\000\040\000E\000s\000e\000r\000c\000i\000z\000i\000o}{chapter.9}% 75
\BOOKMARK [1][-]{section.9.3}{\376\377\000I\000n\000t\000e\000r\000a\000z\000i\000o\000n\000e\000\040\000c\000a\000r\000i\000c\000a\040\023\000d\000i\000p\000o\000l\000o\000\040\000i\000n\000d\000o\000t\000t\000o}{chapter.9}% 76
\BOOKMARK [1][-]{section.9.4}{\376\377\000S\000f\000e\000r\000e\000\040\000c\000o\000n\000\040\000d\000i\000s\000t\000r\000i\000b\000u\000z\000i\000o\000n\000e\000\040\000d\000i\000\040\000c\000a\000r\000i\000c\000a\000\040\000o\000p\000p\000o\000s\000t\000a}{chapter.9}% 77
\BOOKMARK [1][-]{section.9.5}{\376\377\000P\000o\000l\000a\000r\000i\000z\000z\000a\000z\000i\000o\000n\000e\000\040\000d\000i\000\040\000u\000n\000a\000\040\000s\000f\000e\000r\000a\000\040\000d\000i\000e\000l\000e\000t\000t\000r\000i\000c\000a}{chapter.9}% 78
\BOOKMARK [0][-]{chapter.10}{\376\377\000M\000a\000g\000n\000e\000t\000i\000s\000m\000o}{}% 79
\BOOKMARK [1][-]{section.10.1}{\376\377\000I\000n\000t\000r\000o\000d\000u\000z\000i\000o\000n\000e}{chapter.10}% 80
\BOOKMARK [2][-]{subsection.10.1.1}{\376\377\000M\000o\000m\000e\000n\000t\000o\000\040\000d\000i\000\040\000d\000i\000p\000o\000l\000o\000\040\000m\000a\000g\000n\000e\000t\000i\000c\000o}{section.10.1}% 81
\BOOKMARK [1][-]{section.10.2}{\376\377\000L\000e\000g\000g\000e\000\040\000d\000i\000\040\000B\000i\000o\000t\040\023\000S\000a\000v\000a\000r\000t}{chapter.10}% 82
\BOOKMARK [1][-]{section.10.3}{\376\377\000I\000I\000\040\000e\000q\000u\000a\000z\000i\000o\000n\000e\000\040\000d\000i\000\040\000M\000a\000x\000w\000e\000l\000l\000\040}{chapter.10}% 83
\BOOKMARK [1][-]{section.10.4}{\376\377\000F\000o\000r\000z\000a\000\040\000d\000i\000\040\000L\000o\000r\000e\000n\000t\000z}{chapter.10}% 84
\BOOKMARK [1][-]{section.10.5}{\376\377\000C\000a\000m\000p\000o\000\040\000d\000i\000\040\000m\000a\000g\000n\000e\000t\000i\000z\000z\000a\000z\000i\000o\000n\000e\000\040\000e\000\040\000c\000o\000r\000r\000e\000n\000t\000i\000\040\000m\000a\000g\000n\000e\000t\000i\000c\000h\000e}{chapter.10}% 85
\BOOKMARK [0][-]{chapter.11}{\376\377\000L\000e\000g\000g\000e\000\040\000d\000i\000\040\000A\000m\000p\000\350\000r\000e\040\023\000M\000a\000x\000w\000e\000l\000l\000\040\000e\000\040\000c\000a\000m\000p\000o\000\040\000m\000a\000g\000n\000e\000t\000i\000c\000o\000\040\000H}{}% 86
\BOOKMARK [1][-]{section.11.1}{\376\377\000L\000e\000g\000g\000e\000\040\000d\000i\000\040\000A\000m\000p\000\350\000r\000e\040\023\000M\000a\000x\000w\000e\000l\000l\000\040\000e\000\040\000c\000a\000m\000p\000o\000\040\000m\000a\000g\000n\000e\000t\000i\000c\000o\000\040}{chapter.11}% 87
\BOOKMARK [1][-]{section.11.2}{\376\377\000I\000V\000\040\000e\000q\000u\000a\000z\000i\000o\000n\000e\000\040\000d\000i\000\040\000M\000a\000x\000w\000e\000l\000l}{chapter.11}% 88
\BOOKMARK [1][-]{section.11.3}{\376\377\000T\000e\000o\000r\000e\000m\000a\000\040\000d\000i\000\040\000e\000q\000u\000i\000v\000a\000l\000e\000n\000z\000a\000\040\000d\000i\000\040\000A\000m\000p\000\350\000r\000e}{chapter.11}% 89
\BOOKMARK [1][-]{section.11.4}{\376\377\000E\000s\000e\000m\000p\000i}{chapter.11}% 90
\BOOKMARK [0][-]{chapter.12}{\376\377\000P\000o\000t\000e\000n\000z\000i\000a\000l\000e\000\040\000v\000e\000t\000t\000o\000r\000e\000\040\000d\000i\000\040\000A\000m\000p\000\350\000r\000e}{}% 91
\BOOKMARK [1][-]{section.12.1}{\376\377\000E\000s\000e\000m\000p\000i}{chapter.12}% 92
\BOOKMARK [1][-]{section.12.2}{\376\377\000L\000e\000g\000g\000e\000\040\000d\000i\000\040\000B\000i\000o\000t\040\023\000S\000a\000v\000a\000r\000t}{chapter.12}% 93
\BOOKMARK [1][-]{section.12.3}{\376\377\000E\000s\000e\000m\000p\000i\000\040\000a\000g\000g\000i\000u\000n\000t\000i\000v\000i}{chapter.12}% 94
\BOOKMARK [1][-]{section.12.4}{\376\377\000I\000n\000t\000e\000r\000a\000z\000i\000o\000n\000i\000\040\000m\000a\000g\000n\000e\000t\000i\000c\000h\000e}{chapter.12}% 95
\BOOKMARK [0][-]{chapter.13}{\376\377\000C\000o\000m\000e\000\040\000i\000\040\000m\000a\000t\000e\000r\000i\000a\000l\000i\000\040\000r\000e\000a\000g\000i\000s\000c\000o\000n\000o\000\040\000a\000i\000\040\000c\000a\000m\000p\000i\000\040\000m\000a\000g\000n\000e\000t\000i\000c\000i\000\040\000d\000i\000\040\000s\000t\000i\000m\000o\000l\000o}{}% 96
\BOOKMARK [1][-]{section.13.1}{\376\377\000R\000e\000l\000a\000z\000i\000o\000n\000e\000\040\000c\000o\000s\000t\000i\000t\000u\000t\000i\000v\000a\000\040\000i\000n\000t\000e\000r\000n\000a}{chapter.13}% 97
\BOOKMARK [1][-]{section.13.2}{\376\377\000M\000i\000s\000u\000r\000e\000\040\000d\000i\000\040\000s\000u\000s\000c\000e\000t\000t\000i\000v\000i\000t\000\340\000\040\000m\000a\000g\000n\000e\000t\000i\000c\000a}{chapter.13}% 98
\BOOKMARK [0][-]{chapter.14}{\376\377\000S\000t\000r\000u\000m\000e\000n\000t\000i\000\040\000e\000\040\000a\000p\000p\000l\000i\000c\000a\000z\000i\000o\000n\000i}{}% 99
\BOOKMARK [1][-]{section.14.1}{\376\377\000A\000m\000p\000e\000r\000o\000m\000e\000t\000r\000o}{chapter.14}% 100
\BOOKMARK [2][-]{subsection.14.1.1}{\376\377\000M\000i\000s\000u\000r\000e\000\040\000s\000t\000a\000z\000i\000o\000n\000a\000r\000i\000e\000\040\000d\000i\000\040\000c\000o\000n\000d\000u\000c\000i\000b\000i\000l\000i\000t\000\340}{section.14.1}% 101
\BOOKMARK [1][-]{section.14.2}{\376\377\000M\000o\000d\000e\000l\000l\000o\000\040\000a\000\040\000t\000e\000m\000p\000o\000\040\000d\000i\000\040\000r\000i\000l\000a\000s\000s\000a\000m\000e\000n\000t\000o}{chapter.14}% 102
\BOOKMARK [1][-]{section.14.3}{\376\377\000E\000f\000f\000e\000t\000t\000o\000\040\000H\000a\000l\000l}{chapter.14}% 103
\BOOKMARK [1][-]{section.14.4}{\376\377\000E\000f\000f\000e\000t\000t\000o\000\040\000J\000o\000u\000l\000e}{chapter.14}% 104
\BOOKMARK [1][-]{section.14.5}{\376\377\000L\000e\000g\000g\000i\000\040\000d\000i\000\040\000K\000i\000r\000c\000h\000h\000o\000f\000f}{chapter.14}% 105
\BOOKMARK [1][-]{section.14.6}{\376\377\000C\000i\000r\000c\000u\000i\000t\000o\000\040\000R\000C\000\040\000e\000d\000\040\000e\000n\000e\000r\000g\000i\000a\000\040\000d\000i\000s\000s\000i\000p\000a\000t\000a}{chapter.14}% 106
\BOOKMARK [1][-]{section.14.7}{\376\377\000S\000t\000u\000d\000i\000o\000\040\000d\000e\000i\000\040\000c\000o\000n\000d\000e\000n\000s\000a\000t\000o\000r\000i\000\040\000c\000o\000n\000\040\000d\000i\000e\000l\000e\000t\000t\000r\000i\000c\000o}{chapter.14}% 107
\BOOKMARK [2][-]{subsection.14.7.1}{\376\377\000D\000e\000n\000s\000i\000t\000\340\000\040\000d\000i\000\040\000e\000n\000e\000r\000g\000i\000a\000\040\000e\000l\000e\000t\000t\000r\000i\000c\000a}{section.14.7}% 108
\BOOKMARK [2][-]{subsection.14.7.2}{\376\377\000F\000o\000r\000z\000e\000\040\000c\000h\000e\000\040\000a\000g\000i\000s\000c\000o\000n\000o\000\040\000s\000u\000l\000\040\000d\000i\000e\000l\000e\000t\000t\000r\000i\000c\000o}{section.14.7}% 109
\BOOKMARK [0][-]{chapter.15}{\376\377\000I\000n\000t\000r\000o\000d\000u\000z\000i\000o\000n\000e\000\040\000a\000l\000l\000'\000e\000l\000e\000t\000t\000r\000o\000d\000i\000n\000a\000m\000i\000c\000a}{}% 110
\BOOKMARK [1][-]{section.15.1}{\376\377\000F\000o\000r\000z\000a\000\040\000d\000i\000\040\000L\000o\000r\000e\000n\000t\000z\000\040\000e\000\040\000m\000o\000t\000i\000\040\000d\000i\000\040\000c\000i\000c\000l\000o\000t\000r\000o\000n\000e}{chapter.15}% 111
\BOOKMARK [1][-]{section.15.2}{\376\377\000R\000e\000l\000a\000t\000i\000v\000i\000t\000\340\000\040\000d\000e\000l\000\040\000c\000a\000m\000p\000o\000\040\000e\000l\000e\000t\000t\000r\000i\000c\000o}{chapter.15}% 112
\BOOKMARK [1][-]{section.15.3}{\376\377\000L\000e\000g\000g\000e\000\040\000d\000i\000\040\000i\000n\000d\000u\000z\000i\000o\000n\000e}{chapter.15}% 113
\BOOKMARK [1][-]{section.15.4}{\376\377\000I\000I\000I\000\040\000l\000e\000g\000g\000e\000\040\000d\000i\000\040\000M\000a\000x\000w\000e\000l\000l}{chapter.15}% 114
\BOOKMARK [1][-]{section.15.5}{\376\377\000E\000s\000e\000m\000p\000i}{chapter.15}% 115
\BOOKMARK [1][-]{section.15.6}{\376\377\000F\000o\000r\000z\000e\000\040\000m\000a\000g\000n\000e\000t\000o\000d\000i\000n\000a\000m\000i\000c\000h\000e}{chapter.15}% 116
\BOOKMARK [2][-]{subsection.15.6.1}{\376\377\000E\000s\000e\000m\000p\000i}{section.15.6}% 117
\BOOKMARK [1][-]{section.15.7}{\376\377\000A\000l\000t\000e\000r\000n\000a\000t\000o\000r\000e\040\023\000G\000e\000n\000e\000r\000a\000t\000o\000r\000e\000\040\000d\000i\000\040\000c\000o\000r\000r\000e\000n\000t\000e\000\040\000m\000o\000n\000o\000f\000a\000s\000e}{chapter.15}% 118
\BOOKMARK [0][-]{chapter.16}{\376\377\000I\000n\000d\000u\000t\000t\000a\000n\000z\000a\000\040\000e\000\040\000c\000i\000r\000c\000u\000i\000t\000i}{}% 119
\BOOKMARK [1][-]{section.16.1}{\376\377\000I\000n\000d\000u\000t\000t\000a\000n\000z\000a}{chapter.16}% 120
\BOOKMARK [1][-]{section.16.2}{\376\377\000D\000e\000n\000s\000i\000t\000\340\000\040\000d\000i\000\040\000e\000n\000e\000r\000g\000i\000a\000\040\000m\000a\000g\000n\000e\000t\000i\000c\000a}{chapter.16}% 121
\BOOKMARK [1][-]{section.16.3}{\376\377\000C\000i\000r\000c\000u\000i\000t\000i\000\040\000R\000C\000L\000\040\000i\000n\000\040\000s\000e\000r\000i\000e\000\040\000i\000n\000\040\000r\000e\000g\000i\000m\000e\000\040\000t\000r\000a\000n\000s\000i\000t\000o\000r\000i\000o}{chapter.16}% 122
\BOOKMARK [1][-]{section.16.4}{\376\377\000C\000i\000r\000c\000u\000i\000t\000i\000\040\000R\000C\000L\000\040\000i\000n\000\040\000r\000e\000g\000i\000m\000e\000\040\000a\000r\000m\000o\000n\000i\000c\000o}{chapter.16}% 123
\BOOKMARK [2][-]{subsection.16.4.1}{\376\377\000C\000u\000r\000v\000a\000\040\000d\000i\000\040\000r\000i\000s\000o\000n\000a\000n\000z\000a\000\040\000d\000i\000\040\000u\000n\000\040\000c\000i\000r\000c\000u\000i\000t\000o\000\040\000R\000C\000L}{section.16.4}% 124
\BOOKMARK [0][-]{chapter.17}{\376\377\000M\000a\000t\000e\000r\000i\000a\000l\000i\000\040\000f\000e\000r\000r\000o\000m\000a\000g\000n\000e\000t\000i\000c\000i}{}% 125
\BOOKMARK [1][-]{section.17.1}{\376\377\000L\000e\000g\000g\000e\000\040\000d\000i\000\040\000F\000e\000l\000i\000c\000i}{chapter.17}% 126
\BOOKMARK [1][-]{section.17.2}{\376\377\000C\000i\000c\000l\000o\000\040\000d\000i\000\040\000i\000s\000t\000e\000r\000e\000s\000i}{chapter.17}% 127
\BOOKMARK [1][-]{section.17.3}{\376\377\000M\000a\000g\000n\000e\000t\000i\000\040\000p\000e\000r\000m\000a\000n\000e\000n\000t\000i}{chapter.17}% 128
\BOOKMARK [1][-]{section.17.4}{\376\377\000C\000a\000m\000p\000i\000\040\000m\000a\000g\000n\000e\000t\000i\000c\000i\000\040\000n\000e\000i\000\040\000m\000a\000t\000e\000r\000i\000a\000l\000i\000\040\000l\000i\000n\000e\000a\000r\000i}{chapter.17}% 129
\BOOKMARK [1][-]{section.17.5}{\376\377\000I\000n\000t\000e\000r\000f\000a\000c\000c\000i\000a\000\040\000t\000r\000a\000\040\000d\000u\000e\000\040\000m\000a\000t\000e\000r\000i\000a\000l\000i\000\040\000l\000i\000n\000e\000a\000r\000i}{chapter.17}% 130
\BOOKMARK [1][-]{section.17.6}{\376\377\000E\000s\000e\000m\000p\000i}{chapter.17}% 131
\BOOKMARK [1][-]{section.17.7}{\376\377\000C\000i\000r\000c\000u\000i\000t\000i\000\040\000m\000a\000g\000n\000e\000t\000i\000c\000i}{chapter.17}% 132
\BOOKMARK [1][-]{section.17.8}{\376\377\000T\000r\000a\000s\000f\000o\000r\000m\000a\000t\000o\000r\000e}{chapter.17}% 133
\BOOKMARK [2][-]{subsection.17.-18.0}{\376\377\000E\000l\000e\000t\000t\000r\000o\000s\000t\000a\000t\000i\000c\000a}{section.17.8}% 134
\BOOKMARK [2][-]{subsection.17.-18.1}{\376\377\000C\000o\000r\000r\000e\000n\000t\000i\000\040\000s\000t\000a\000z\000i\000o\000n\000a\000r\000i\000e}{section.17.8}% 135
\BOOKMARK [2][-]{subsection.17.-18.2}{\376\377\000M\000a\000g\000n\000e\000t\000i\000s\000m\000o}{section.17.8}% 136
\BOOKMARK [2][-]{subsection.17.-18.3}{\376\377\000O\000p\000e\000r\000a\000t\000o\000r\000i\000\040\000v\000e\000t\000t\000o\000r\000i\000a\000l\000i\000\040\000e\000\040\000t\000r\000a\000s\000f\000o\000r\000m\000a\000z\000i\000o\000n\000i\000\040\000d\000i\000\040\000c\000o\000o\000r\000d\000i\000n\000a\000t\000e}{section.17.8}% 137
\BOOKMARK [2][-]{subsection.17.-18.4}{\376\377\000C\000o\000s\000t\000a\000n\000t\000i}{section.17.8}% 138
